2025-08-10 11:18:06,998 [Worker-6: Loading available Gradle versions] INFO  o.e.b.c.i.u.g.PublishedGradleVersions - Gradle version information cache is not available. Remote download required.
2025-08-10 11:19:24,130 [Worker-5: Import Getting Started Content] INFO  o.e.m.c.i.l.LifecycleMappingFactory - Using org.eclipse.m2e.jdt.JarLifecycleMapping lifecycle mapping for MavenProject: com.example:project:0.0.1-SNAPSHOT @ C:\Spring\Workspace\online-shop-backend\demo\pom.xml.
2025-08-10 11:19:24,780 [Worker-5: Import Getting Started Content] INFO  o.e.m.j.i.AbstractJavaProjectConfigurator - Adding source folder /demo/src/main/java
2025-08-10 11:19:24,782 [Worker-5: Import Getting Started Content] INFO  o.e.m.j.i.AbstractJavaProjectConfigurator - Adding resource folder /demo/src/main/resources
2025-08-10 11:19:24,784 [Worker-5: Import Getting Started Content] INFO  o.e.m.j.i.AbstractJavaProjectConfigurator - Adding resource folder /demo/src/main/resources
2025-08-10 11:19:24,788 [Worker-5: Import Getting Started Content] INFO  o.e.m.j.i.AbstractJavaProjectConfigurator - Adding source folder /demo/src/test/java
2025-08-10 11:19:24,789 [Worker-5: Import Getting Started Content] INFO  o.e.m.j.i.AbstractJavaProjectConfigurator - Adding resource folder /demo/src/test/resources
2025-08-10 11:19:25,413 [Worker-5: Import Getting Started Content] INFO  o.e.m.c.i.p.ProjectConfigurationManager - Imported and configured 1 project(s) in 2 sec
2025-08-10 11:19:25,417 [Worker-5: Import Getting Started Content] INFO  o.e.m.c.i.p.ProjectConfigurationManager - Update started
2025-08-10 11:19:25,806 [Worker-5: Import Getting Started Content] INFO  o.e.m.c.i.l.LifecycleMappingFactory - Using org.eclipse.m2e.jdt.JarLifecycleMapping lifecycle mapping for MavenProject: com.example:project:0.0.1-SNAPSHOT @ C:\Spring\Workspace\online-shop-backend\demo\pom.xml.
2025-08-10 11:19:26,311 [Worker-5: Import Getting Started Content] INFO  o.e.m.j.i.AbstractJavaProjectConfigurator - Adding source folder /demo/src/main/java
2025-08-10 11:19:26,312 [Worker-5: Import Getting Started Content] INFO  o.e.m.j.i.AbstractJavaProjectConfigurator - Adding resource folder /demo/src/main/resources
2025-08-10 11:19:26,312 [Worker-5: Import Getting Started Content] INFO  o.e.m.j.i.AbstractJavaProjectConfigurator - Adding resource folder /demo/src/main/resources
2025-08-10 11:19:26,312 [Worker-5: Import Getting Started Content] INFO  o.e.m.j.i.AbstractJavaProjectConfigurator - Adding source folder /demo/src/test/java
2025-08-10 11:19:26,313 [Worker-5: Import Getting Started Content] INFO  o.e.m.j.i.AbstractJavaProjectConfigurator - Adding resource folder /demo/src/test/resources
2025-08-10 11:19:26,644 [Worker-5: Import Getting Started Content] INFO  o.e.m.c.i.p.ProjectConfigurationManager - Update completed for 1 poms: local refresh takes 0.00 sec, refresh facades takes 0.00 sec, update config takes 0.00 sec 
2025-08-10 11:19:27,925 [Worker-10: Building] INFO  o.a.m.s.f.DefaultMavenResourcesFiltering - Copying 1 resource from src\main\resources to target\classes
2025-08-10 11:19:27,936 [Worker-10: Building] INFO  o.a.m.s.f.DefaultMavenResourcesFiltering - Copying 0 resource from src\main\resources to target\classes
2025-08-10 11:19:28,203 [Worker-10: Building] INFO  o.e.m.c.i.embedder.EclipseLogger - Starting Hibernate enhancement for classes on C:\Spring\Workspace\online-shop-backend\demo\target\classes
2025-08-10 11:19:28,566 [Worker-10: Building] INFO  o.a.m.s.f.DefaultMavenResourcesFiltering - skip non existing resourceDirectory C:\Spring\Workspace\online-shop-backend\demo\src\test\resources
2025-08-10 11:21:15,048 [Worker-13: Building] INFO  o.a.m.s.f.DefaultMavenResourcesFiltering - Copying 1 resource from src\main\resources to target\classes
2025-08-10 11:21:15,059 [Worker-13: Building] INFO  o.a.m.s.f.DefaultMavenResourcesFiltering - Copying 0 resource from src\main\resources to target\classes
2025-08-10 11:21:15,065 [Worker-13: Building] INFO  o.e.m.c.i.embedder.EclipseLogger - Starting Hibernate enhancement for classes on C:\Spring\Workspace\online-shop-backend\demo\target\classes
2025-08-10 11:21:15,112 [Worker-13: Building] INFO  o.a.m.s.f.DefaultMavenResourcesFiltering - skip non existing resourceDirectory C:\Spring\Workspace\online-shop-backend\demo\src\test\resources
2025-08-10 12:27:27,446 [Worker-7: Loading available Gradle versions] INFO  o.e.b.c.i.u.g.PublishedGradleVersions - Gradle version information cache is up-to-date. Trying to read.
2025-08-10 12:27:30,111 [Worker-8: Building] INFO  o.a.m.s.f.DefaultMavenResourcesFiltering - Copying 1 resource from src\main\resources to target\classes
2025-08-10 12:27:30,131 [Worker-8: Building] INFO  o.a.m.s.f.DefaultMavenResourcesFiltering - Copying 0 resource from src\main\resources to target\classes
2025-08-10 12:27:30,530 [Worker-8: Building] INFO  o.e.m.c.i.embedder.EclipseLogger - Starting Hibernate enhancement for classes on C:\Spring\Workspace\online-shop-backend\demo\target\classes
2025-08-10 12:27:30,887 [Worker-8: Building] INFO  o.a.m.s.f.DefaultMavenResourcesFiltering - skip non existing resourceDirectory C:\Spring\Workspace\online-shop-backend\demo\src\test\resources
2025-08-10 12:27:33,627 [Worker-9: Building] INFO  o.e.m.c.i.l.LifecycleMappingFactory - Using org.eclipse.m2e.jdt.JarLifecycleMapping lifecycle mapping for MavenProject: com.example:project:0.0.1-SNAPSHOT @ C:\Spring\Workspace\online-shop-backend\demo\pom.xml.
2025-08-10 12:27:34,036 [Worker-9: Building] INFO  o.a.m.s.f.DefaultMavenResourcesFiltering - Copying 1 resource from src\main\resources to target\classes
2025-08-10 12:27:34,044 [Worker-9: Building] INFO  o.a.m.s.f.DefaultMavenResourcesFiltering - Copying 0 resource from src\main\resources to target\classes
2025-08-10 12:27:34,077 [Worker-9: Building] INFO  o.e.m.c.i.embedder.EclipseLogger - Starting Hibernate enhancement for classes on C:\Spring\Workspace\online-shop-backend\demo\target\classes
2025-08-10 12:27:34,261 [Worker-9: Building] INFO  o.a.m.s.f.DefaultMavenResourcesFiltering - skip non existing resourceDirectory C:\Spring\Workspace\online-shop-backend\demo\src\test\resources
2025-08-10 12:30:05,810 [Worker-8: Building] INFO  o.a.m.s.f.DefaultMavenResourcesFiltering - Copying 1 resource from src\main\resources to target\classes
2025-08-10 12:30:05,824 [Worker-8: Building] INFO  o.a.m.s.f.DefaultMavenResourcesFiltering - Copying 0 resource from src\main\resources to target\classes
2025-08-10 12:30:05,829 [Worker-8: Building] INFO  o.e.m.c.i.embedder.EclipseLogger - Starting Hibernate enhancement for classes on C:\Spring\Workspace\online-shop-backend\demo\target\classes
2025-08-10 12:30:05,890 [Worker-8: Building] INFO  o.a.m.s.f.DefaultMavenResourcesFiltering - skip non existing resourceDirectory C:\Spring\Workspace\online-shop-backend\demo\src\test\resources
2025-08-10 12:31:10,957 [Worker-6: Building] INFO  o.a.m.s.f.DefaultMavenResourcesFiltering - Copying 1 resource from src\main\resources to target\classes
2025-08-10 12:31:10,963 [Worker-6: Building] INFO  o.a.m.s.f.DefaultMavenResourcesFiltering - Copying 0 resource from src\main\resources to target\classes
2025-08-10 12:31:10,966 [Worker-6: Building] INFO  o.e.m.c.i.embedder.EclipseLogger - Starting Hibernate enhancement for classes on C:\Spring\Workspace\online-shop-backend\demo\target\classes
2025-08-10 12:31:11,012 [Worker-6: Building] INFO  o.a.m.s.f.DefaultMavenResourcesFiltering - skip non existing resourceDirectory C:\Spring\Workspace\online-shop-backend\demo\src\test\resources
2025-08-10 12:32:28,888 [Worker-9: Building] INFO  o.a.m.s.f.DefaultMavenResourcesFiltering - Copying 1 resource from src\main\resources to target\classes
2025-08-10 12:32:28,906 [Worker-9: Building] INFO  o.a.m.s.f.DefaultMavenResourcesFiltering - Copying 0 resource from src\main\resources to target\classes
2025-08-10 12:32:28,913 [Worker-9: Building] INFO  o.e.m.c.i.embedder.EclipseLogger - Starting Hibernate enhancement for classes on C:\Spring\Workspace\online-shop-backend\demo\target\classes
2025-08-10 12:32:28,952 [Worker-9: Building] INFO  o.a.m.s.f.DefaultMavenResourcesFiltering - skip non existing resourceDirectory C:\Spring\Workspace\online-shop-backend\demo\src\test\resources
2025-08-10 12:32:47,001 [Worker-10: Building] INFO  o.a.m.s.f.DefaultMavenResourcesFiltering - Copying 1 resource from src\main\resources to target\classes
2025-08-10 12:32:47,005 [Worker-10: Building] INFO  o.a.m.s.f.DefaultMavenResourcesFiltering - Copying 0 resource from src\main\resources to target\classes
2025-08-10 12:32:47,008 [Worker-10: Building] INFO  o.e.m.c.i.embedder.EclipseLogger - Starting Hibernate enhancement for classes on C:\Spring\Workspace\online-shop-backend\demo\target\classes
2025-08-10 12:32:47,032 [Worker-10: Building] INFO  o.a.m.s.f.DefaultMavenResourcesFiltering - skip non existing resourceDirectory C:\Spring\Workspace\online-shop-backend\demo\src\test\resources
2025-08-10 12:33:24,298 [Worker-7: Building] INFO  o.a.m.s.f.DefaultMavenResourcesFiltering - Copying 1 resource from src\main\resources to target\classes
2025-08-10 12:33:24,304 [Worker-7: Building] INFO  o.a.m.s.f.DefaultMavenResourcesFiltering - Copying 0 resource from src\main\resources to target\classes
2025-08-10 12:33:24,306 [Worker-7: Building] INFO  o.e.m.c.i.embedder.EclipseLogger - Starting Hibernate enhancement for classes on C:\Spring\Workspace\online-shop-backend\demo\target\classes
2025-08-10 12:33:24,361 [Worker-7: Building] INFO  o.a.m.s.f.DefaultMavenResourcesFiltering - skip non existing resourceDirectory C:\Spring\Workspace\online-shop-backend\demo\src\test\resources
2025-08-10 12:33:47,909 [Worker-4: Building] INFO  o.a.m.s.f.DefaultMavenResourcesFiltering - Copying 1 resource from src\main\resources to target\classes
2025-08-10 12:33:47,913 [Worker-4: Building] INFO  o.a.m.s.f.DefaultMavenResourcesFiltering - Copying 0 resource from src\main\resources to target\classes
2025-08-10 12:33:47,915 [Worker-4: Building] INFO  o.e.m.c.i.embedder.EclipseLogger - Starting Hibernate enhancement for classes on C:\Spring\Workspace\online-shop-backend\demo\target\classes
2025-08-10 12:33:47,945 [Worker-4: Building] INFO  o.a.m.s.f.DefaultMavenResourcesFiltering - skip non existing resourceDirectory C:\Spring\Workspace\online-shop-backend\demo\src\test\resources
2025-08-10 12:34:28,084 [Worker-0: Building] INFO  o.a.m.s.f.DefaultMavenResourcesFiltering - Copying 1 resource from src\main\resources to target\classes
2025-08-10 12:34:28,090 [Worker-0: Building] INFO  o.a.m.s.f.DefaultMavenResourcesFiltering - Copying 0 resource from src\main\resources to target\classes
2025-08-10 12:34:28,093 [Worker-0: Building] INFO  o.e.m.c.i.embedder.EclipseLogger - Starting Hibernate enhancement for classes on C:\Spring\Workspace\online-shop-backend\demo\target\classes
2025-08-10 12:34:28,275 [Worker-0: Building] INFO  o.a.m.s.f.DefaultMavenResourcesFiltering - skip non existing resourceDirectory C:\Spring\Workspace\online-shop-backend\demo\src\test\resources
2025-08-10 12:34:39,205 [Worker-1: Building] INFO  o.a.m.s.f.DefaultMavenResourcesFiltering - Copying 1 resource from src\main\resources to target\classes
2025-08-10 12:34:39,209 [Worker-1: Building] INFO  o.a.m.s.f.DefaultMavenResourcesFiltering - Copying 0 resource from src\main\resources to target\classes
2025-08-10 12:34:39,210 [Worker-1: Building] INFO  o.e.m.c.i.embedder.EclipseLogger - Starting Hibernate enhancement for classes on C:\Spring\Workspace\online-shop-backend\demo\target\classes
2025-08-10 12:34:39,267 [Worker-1: Building] INFO  o.a.m.s.f.DefaultMavenResourcesFiltering - skip non existing resourceDirectory C:\Spring\Workspace\online-shop-backend\demo\src\test\resources
